writeCommonTags: couldn't write 'year' tag to 'mucuraev/Mucuraev.mp4' as it's not a positive integer
writeCommonTags: couldn't write 'track' tag to 'mucuraev/Mucuraev.mp4' as it's not a positive integer
writeCommonTags: couldn't write 'year' tag to 'mucuraev/Молодой Тимур Муцураев - о сын Адама.mp4' as it's not a positive integer
writeCommonTags: couldn't write 'track' tag to 'mucuraev/Молодой Тимур Муцураев - о сын Адама.mp4' as it's not a positive integer
TagLib: ID3v2::Tag::read() - Duplicate ID3v2 tags found.
writeCommonTags: couldn't write 'year' tag to 'mucuraev/Mucuraev.mp4' as it's not a positive integer
writeCommonTags: couldn't write 'track' tag to 'mucuraev/Mucuraev.mp4' as it's not a positive integer
writeCommonTags: couldn't write 'year' tag to 'mucuraev/Молодой Тимур Муцураев - о сын Адама.mp4' as it's not a positive integer
writeCommonTags: couldn't write 'track' tag to 'mucuraev/Молодой Тимур Муцураев - о сын Адама.mp4' as it's not a positive integer
writeCommonTags: couldn't write 'year' tag to 'mucuraev/Mucuraev.mp4' as it's not a positive integer
writeCommonTags: couldn't write 'track' tag to 'mucuraev/Mucuraev.mp4' as it's not a positive integer
writeCommonTags: couldn't write 'year' tag to 'mucuraev/Молодой Тимур Муцураев - о сын Адама.mp4' as it's not a positive integer
writeCommonTags: couldn't write 'track' tag to 'mucuraev/Молодой Тимур Муцураев - о сын Адама.mp4' as it's not a positive integer
writeCommonTags: couldn't write 'year' tag to 'mucuraev/Mucuraev.mp4' as it's not a positive integer
writeCommonTags: couldn't write 'track' tag to 'mucuraev/Mucuraev.mp4' as it's not a positive integer
writeCommonTags: couldn't write 'year' tag to 'mucuraev/Молодой Тимур Муцураев - о сын Адама.mp4' as it's not a positive integer
writeCommonTags: couldn't write 'track' tag to 'mucuraev/Молодой Тимур Муцураев - о сын Адама.mp4' as it's not a positive integer
TagLib: MPEG::Header::parse() -- MPEG header did not match MPEG synch.
TagLib: An empty ID3v2 frame 'WCOM' has been discarded
TagLib: MPEG::Header::parse() -- MPEG header did not match MPEG synch.
TagLib: Ogg::File::packet() -- Could not find the requested packet.
TagLib: Vorbis::File::read() - Could not find the Vorbis comment header.
TagLib: MPEG::Header::parse() -- data is too short for an MPEG frame header.
TagLib: MPEG::Header::parse() -- data is too short for an MPEG frame header.
TagLib: MPEG::Header::parse() -- MPEG header did not match MPEG synch.
TagLib: MPEG::Header::parse() -- MPEG header did not match MPEG synch.
TagLib: Ogg::File::packet() -- Could not find the requested packet.
TagLib: Vorbis::File::read() - Could not find the Vorbis comment header.
TagLib: MPEG::Header::parse() -- data is too short for an MPEG frame header.
TagLib: MPEG::Header::parse() -- data is too short for an MPEG frame header.
TagLib: MPEG::Header::parse() -- MPEG header did not match MPEG synch.
TagLib: MPEG::Header::parse() -- MPEG header did not match MPEG synch.
TagLib: Ogg::File::packet() -- Could not find the requested packet.
TagLib: Vorbis::File::read() - Could not find the Vorbis comment header.
TagLib: MPEG::Header::parse() -- data is too short for an MPEG frame header.
TagLib: MPEG::Header::parse() -- data is too short for an MPEG frame header.
TagLib: MPEG::Header::parse() -- MPEG header did not match MPEG synch.
TagLib: MPEG::Header::parse() -- MPEG header did not match MPEG synch.
TagLib: Ogg::File::packet() -- Could not find the requested packet.
TagLib: Vorbis::File::read() - Could not find the Vorbis comment header.
TagLib: Could not open file /home/ser/music/†HR33ΔM ╺╸ ⚢ GΣ† OU† OF MY HΣΔD ⚢ (t.A.T.u).mp3
TagLib: Could not open file /home/ser/music/†HR33ΔM ╺╸ ⚢ GΣ† OU† OF MY HΣΔD ⚢ (t.A.T.u).mp3
TagLib: Could not open file /home/ser/music/†HR33ΔM ╺╸ ⚢ GΣ† OU† OF MY HΣΔD ⚢ (t.A.T.u).mp3
TagLib: Could not open file /home/ser/music/†HR33ΔM ╺╸ ⚢ GΣ† OU† OF MY HΣΔD ⚢ (t.A.T.u).mp3
TagLib: MPEG::Header::parse() -- data is too short for an MPEG frame header.
TagLib: MPEG::Header::parse() -- data is too short for an MPEG frame header.
TagLib: MPEG::Header::parse() -- MPEG header did not match MPEG synch.
TagLib: MPEG::Header::parse() -- MPEG header did not match MPEG synch.
TagLib: Ogg::File::packet() -- Could not find the requested packet.
TagLib: Vorbis::File::read() - Could not find the Vorbis comment header.
TagLib: MPEG::Header::parse() -- data is too short for an MPEG frame header.
TagLib: MPEG::Header::parse() -- data is too short for an MPEG frame header.
TagLib: MPEG::Header::parse() -- MPEG header did not match MPEG synch.
TagLib: MPEG::Header::parse() -- MPEG header did not match MPEG synch.
TagLib: Ogg::File::packet() -- Could not find the requested packet.
TagLib: Vorbis::File::read() - Could not find the Vorbis comment header.
TagLib: MPEG::Header::parse() -- data is too short for an MPEG frame header.
TagLib: MPEG::Header::parse() -- data is too short for an MPEG frame header.
TagLib: MPEG::Header::parse() -- MPEG header did not match MPEG synch.
TagLib: MPEG::Header::parse() -- MPEG header did not match MPEG synch.
TagLib: Ogg::File::packet() -- Could not find the requested packet.
TagLib: Vorbis::File::read() - Could not find the Vorbis comment header.
TagLib: MPEG::Header::parse() -- data is too short for an MPEG frame header.
TagLib: MPEG::Header::parse() -- data is too short for an MPEG frame header.
TagLib: MPEG::Header::parse() -- MPEG header did not match MPEG synch.
TagLib: MPEG::Header::parse() -- MPEG header did not match MPEG synch.
TagLib: Ogg::File::packet() -- Could not find the requested packet.
TagLib: Vorbis::File::read() - Could not find the Vorbis comment header.
TagLib: MPEG::Header::parse() -- data is too short for an MPEG frame header.
TagLib: MPEG::Header::parse() -- data is too short for an MPEG frame header.
TagLib: MPEG::Header::parse() -- MPEG header did not match MPEG synch.
TagLib: MPEG::Header::parse() -- MPEG header did not match MPEG synch.
TagLib: Ogg::File::packet() -- Could not find the requested packet.
TagLib: Vorbis::File::read() - Could not find the Vorbis comment header.
TagLib: MPEG::Header::parse() -- data is too short for an MPEG frame header.
TagLib: MPEG::Header::parse() -- data is too short for an MPEG frame header.
TagLib: MPEG::Header::parse() -- MPEG header did not match MPEG synch.
TagLib: MPEG::Header::parse() -- MPEG header did not match MPEG synch.
TagLib: Ogg::File::packet() -- Could not find the requested packet.
TagLib: Vorbis::File::read() - Could not find the Vorbis comment header.
TagLib: MPEG::Header::parse() -- data is too short for an MPEG frame header.
TagLib: MPEG::Header::parse() -- data is too short for an MPEG frame header.
TagLib: MPEG::Header::parse() -- MPEG header did not match MPEG synch.
TagLib: MPEG::Header::parse() -- MPEG header did not match MPEG synch.
TagLib: Ogg::File::packet() -- Could not find the requested packet.
TagLib: Vorbis::File::read() - Could not find the Vorbis comment header.
TagLib: MPEG::Header::parse() -- data is too short for an MPEG frame header.
TagLib: MPEG::Header::parse() -- data is too short for an MPEG frame header.
TagLib: MPEG::Header::parse() -- MPEG header did not match MPEG synch.
TagLib: MPEG::Header::parse() -- MPEG header did not match MPEG synch.
TagLib: Ogg::File::packet() -- Could not find the requested packet.
TagLib: Vorbis::File::read() - Could not find the Vorbis comment header.
TagLib: MPEG::Header::parse() -- data is too short for an MPEG frame header.
TagLib: MPEG::Header::parse() -- data is too short for an MPEG frame header.
TagLib: MPEG::Header::parse() -- MPEG header did not match MPEG synch.
TagLib: MPEG::Header::parse() -- MPEG header did not match MPEG synch.
TagLib: Ogg::File::packet() -- Could not find the requested packet.
TagLib: Vorbis::File::read() - Could not find the Vorbis comment header.
TagLib: MPEG::Header::parse() -- data is too short for an MPEG frame header.
TagLib: MPEG::Header::parse() -- data is too short for an MPEG frame header.
TagLib: MPEG::Header::parse() -- MPEG header did not match MPEG synch.
TagLib: MPEG::Header::parse() -- MPEG header did not match MPEG synch.
TagLib: Ogg::File::packet() -- Could not find the requested packet.
TagLib: Vorbis::File::read() - Could not find the Vorbis comment header.
TagLib: MPEG::Header::parse() -- data is too short for an MPEG frame header.
TagLib: MPEG::Header::parse() -- data is too short for an MPEG frame header.
TagLib: MPEG::Header::parse() -- MPEG header did not match MPEG synch.
TagLib: MPEG::Header::parse() -- MPEG header did not match MPEG synch.
TagLib: Ogg::File::packet() -- Could not find the requested packet.
TagLib: Vorbis::File::read() - Could not find the Vorbis comment header.
TagLib: MPEG::Header::parse() -- data is too short for an MPEG frame header.
TagLib: MPEG::Header::parse() -- data is too short for an MPEG frame header.
TagLib: MPEG::Header::parse() -- MPEG header did not match MPEG synch.
TagLib: MPEG::Header::parse() -- MPEG header did not match MPEG synch.
TagLib: Ogg::File::packet() -- Could not find the requested packet.
TagLib: Vorbis::File::read() - Could not find the Vorbis comment header.
TagLib: MPEG::Header::parse() -- data is too short for an MPEG frame header.
TagLib: MPEG::Header::parse() -- data is too short for an MPEG frame header.
TagLib: MPEG::Header::parse() -- MPEG header did not match MPEG synch.
TagLib: MPEG::Header::parse() -- MPEG header did not match MPEG synch.
TagLib: Ogg::File::packet() -- Could not find the requested packet.
TagLib: Vorbis::File::read() - Could not find the Vorbis comment header.
TagLib: MPEG::Header::parse() -- data is too short for an MPEG frame header.
TagLib: MPEG::Header::parse() -- data is too short for an MPEG frame header.
TagLib: MPEG::Header::parse() -- MPEG header did not match MPEG synch.
TagLib: MPEG::Header::parse() -- MPEG header did not match MPEG synch.
TagLib: Ogg::File::packet() -- Could not find the requested packet.
TagLib: Vorbis::File::read() - Could not find the Vorbis comment header.
TagLib: MPEG::Header::parse() -- data is too short for an MPEG frame header.
TagLib: MPEG::Header::parse() -- data is too short for an MPEG frame header.
TagLib: MPEG::Header::parse() -- MPEG header did not match MPEG synch.
TagLib: MPEG::Header::parse() -- MPEG header did not match MPEG synch.
TagLib: Ogg::File::packet() -- Could not find the requested packet.
TagLib: Vorbis::File::read() - Could not find the Vorbis comment header.
TagLib: MPEG::Header::parse() -- data is too short for an MPEG frame header.
TagLib: MPEG::Header::parse() -- data is too short for an MPEG frame header.
TagLib: MPEG::Header::parse() -- MPEG header did not match MPEG synch.
TagLib: MPEG::Header::parse() -- MPEG header did not match MPEG synch.
TagLib: Ogg::File::packet() -- Could not find the requested packet.
TagLib: Vorbis::File::read() - Could not find the Vorbis comment header.
TagLib: MPEG::Header::parse() -- data is too short for an MPEG frame header.
TagLib: MPEG::Header::parse() -- data is too short for an MPEG frame header.
TagLib: MPEG::Header::parse() -- MPEG header did not match MPEG synch.
TagLib: MPEG::Header::parse() -- MPEG header did not match MPEG synch.
TagLib: Ogg::File::packet() -- Could not find the requested packet.
TagLib: Vorbis::File::read() - Could not find the Vorbis comment header.
TagLib: MPEG::Header::parse() -- data is too short for an MPEG frame header.
TagLib: MPEG::Header::parse() -- data is too short for an MPEG frame header.
TagLib: MPEG::Header::parse() -- MPEG header did not match MPEG synch.
TagLib: MPEG::Header::parse() -- MPEG header did not match MPEG synch.
TagLib: Ogg::File::packet() -- Could not find the requested packet.
TagLib: Vorbis::File::read() - Could not find the Vorbis comment header.
TagLib: MPEG::Header::parse() -- data is too short for an MPEG frame header.
TagLib: MPEG::Header::parse() -- data is too short for an MPEG frame header.
TagLib: MPEG::Header::parse() -- MPEG header did not match MPEG synch.
TagLib: MPEG::Header::parse() -- MPEG header did not match MPEG synch.
TagLib: Ogg::File::packet() -- Could not find the requested packet.
TagLib: Vorbis::File::read() - Could not find the Vorbis comment header.
TagLib: MPEG::Header::parse() -- data is too short for an MPEG frame header.
TagLib: MPEG::Header::parse() -- data is too short for an MPEG frame header.
TagLib: MPEG::Header::parse() -- MPEG header did not match MPEG synch.
TagLib: MPEG::Header::parse() -- MPEG header did not match MPEG synch.
TagLib: Ogg::File::packet() -- Could not find the requested packet.
TagLib: Vorbis::File::read() - Could not find the Vorbis comment header.
TagLib: MPEG::Header::parse() -- data is too short for an MPEG frame header.
TagLib: MPEG::Header::parse() -- data is too short for an MPEG frame header.
TagLib: MPEG::Header::parse() -- MPEG header did not match MPEG synch.
TagLib: MPEG::Header::parse() -- MPEG header did not match MPEG synch.
TagLib: Ogg::File::packet() -- Could not find the requested packet.
TagLib: Vorbis::File::read() - Could not find the Vorbis comment header.
TagLib: MPEG::Header::parse() -- data is too short for an MPEG frame header.
TagLib: MPEG::Header::parse() -- data is too short for an MPEG frame header.
TagLib: MPEG::Header::parse() -- MPEG header did not match MPEG synch.
TagLib: MPEG::Header::parse() -- MPEG header did not match MPEG synch.
TagLib: Ogg::File::packet() -- Could not find the requested packet.
TagLib: Vorbis::File::read() - Could not find the Vorbis comment header.
TagLib: MPEG::Header::parse() -- data is too short for an MPEG frame header.
TagLib: MPEG::Header::parse() -- data is too short for an MPEG frame header.
TagLib: MPEG::Header::parse() -- MPEG header did not match MPEG synch.
TagLib: MPEG::Header::parse() -- MPEG header did not match MPEG synch.
TagLib: Ogg::File::packet() -- Could not find the requested packet.
TagLib: Vorbis::File::read() - Could not find the Vorbis comment header.
TagLib: MPEG::Header::parse() -- data is too short for an MPEG frame header.
TagLib: MPEG::Header::parse() -- data is too short for an MPEG frame header.
TagLib: MPEG::Header::parse() -- MPEG header did not match MPEG synch.
TagLib: MPEG::Header::parse() -- MPEG header did not match MPEG synch.
TagLib: Ogg::File::packet() -- Could not find the requested packet.
TagLib: Vorbis::File::read() - Could not find the Vorbis comment header.
TagLib: MPEG::Header::parse() -- data is too short for an MPEG frame header.
TagLib: MPEG::Header::parse() -- data is too short for an MPEG frame header.
TagLib: MPEG::Header::parse() -- MPEG header did not match MPEG synch.
TagLib: MPEG::Header::parse() -- MPEG header did not match MPEG synch.
TagLib: Ogg::File::packet() -- Could not find the requested packet.
TagLib: Vorbis::File::read() - Could not find the Vorbis comment header.
TagLib: MPEG::Header::parse() -- data is too short for an MPEG frame header.
TagLib: MPEG::Header::parse() -- data is too short for an MPEG frame header.
TagLib: MPEG::Header::parse() -- MPEG header did not match MPEG synch.
TagLib: MPEG::Header::parse() -- MPEG header did not match MPEG synch.
TagLib: Ogg::File::packet() -- Could not find the requested packet.
TagLib: Vorbis::File::read() - Could not find the Vorbis comment header.
TagLib: MPEG::Header::parse() -- data is too short for an MPEG frame header.
TagLib: MPEG::Header::parse() -- data is too short for an MPEG frame header.
TagLib: MPEG::Header::parse() -- MPEG header did not match MPEG synch.
TagLib: MPEG::Header::parse() -- MPEG header did not match MPEG synch.
writeCommonTags: couldn't write 'year' tag to 'Everlast Little Miss America with lyrics.m4a' as it's not a positive integer
writeCommonTags: couldn't write 'track' tag to 'Everlast Little Miss America with lyrics.m4a' as it's not a positive integer
TagLib: MPEG::Header::parse() -- MPEG header did not match MPEG synch.
TagLib: MPEG::Header::parse() -- MPEG header did not match MPEG synch.
TagLib: MPEG::Header::parse() -- MPEG header did not match MPEG synch.
TagLib: MPEG::Header::parse() -- MPEG header did not match MPEG synch.
TagLib: MPEG::Header::parse() -- MPEG header did not match MPEG synch.
TagLib: MPEG::Header::parse() -- MPEG header did not match MPEG synch.
TagLib: MPEG::Header::parse() -- MPEG header did not match MPEG synch.
TagLib: MPEG::Header::parse() -- MPEG header did not match MPEG synch.
TagLib: MPEG::Header::parse() -- MPEG header did not match MPEG synch.
TagLib: TagLib::ID3v2::Header::parse() - One of the size bytes in the id3v2 header was greater than the allowed 128.
TagLib: MPEG::Properties::read() -- Could not find an MPEG frame in the stream.
writeCommonTags: couldn't write 'year' tag to 'Najwa - Bella Ciao Official Audio.m4a' as it's not a positive integer
writeCommonTags: couldn't write 'track' tag to 'Najwa - Bella Ciao Official Audio.m4a' as it's not a positive integer
TagLib: MPEG::Header::parse() -- MPEG header did not match MPEG synch.
TagLib: ID3v2::Tag::read() - Duplicate ID3v2 tags found.
TagLib: MPEG::Header::parse() -- MPEG header did not match MPEG synch.
writeCommonTags: couldn't write 'year' tag to 'Total - Бьёт По Глазам (cover Rock Privet).m4a' as it's not a positive integer
writeCommonTags: couldn't write 'track' tag to 'Total - Бьёт По Глазам (cover Rock Privet).m4a' as it's not a positive integer
TagLib: MPEG::Header::parse() -- MPEG header did not match MPEG synch.
TagLib: MPEG::Header::parse() -- MPEG header did not match MPEG synch.
TagLib: MPEG::Header::parse() -- MPEG header did not match MPEG synch.
TagLib: MPEG::Header::parse() -- MPEG header did not match MPEG synch.
TagLib: MPEG::Header::parse() -- data is too short for an MPEG frame header.
TagLib: MPEG::Header::parse() -- MPEG header did not match MPEG synch.
TagLib: MPEG::Header::parse() -- MPEG header did not match MPEG synch.
TagLib: MPEG::Header::parse() -- MPEG header did not match MPEG synch.
TagLib: MPEG::Header::parse() -- MPEG header did not match MPEG synch.
TagLib: MPEG::Properties::read() -- Could not find an MPEG frame in the stream.
TagLib: MPEG::Header::parse() -- MPEG header did not match MPEG synch.
TagLib: MPEG::Properties::read() -- Could not find an MPEG frame in the stream.
TagLib: MPEG::Header::parse() -- MPEG header did not match MPEG synch.
TagLib: MPEG::Properties::read() -- Could not find an MPEG frame in the stream.
TagLib: MPEG::Header::parse() -- MPEG header did not match MPEG synch.
TagLib: MPEG::Properties::read() -- Could not find an MPEG frame in the stream.
TagLib: MPEG::Header::parse() -- MPEG header did not match MPEG synch.
TagLib: MPEG::Properties::read() -- Could not find an MPEG frame in the stream.
TagLib: MPEG::Header::parse() -- MPEG header did not match MPEG synch.
TagLib: MPEG::Properties::read() -- Could not find an MPEG frame in the stream.
TagLib: MPEG::Header::parse() -- MPEG header did not match MPEG synch.
TagLib: MPEG::Properties::read() -- Could not find an MPEG frame in the stream.
TagLib: MPEG::Header::parse() -- MPEG header did not match MPEG synch.
TagLib: MPEG::Properties::read() -- Could not find an MPEG frame in the stream.
TagLib: MPEG::Header::parse() -- data is too short for an MPEG frame header.
TagLib: MPEG::Header::parse() -- data is too short for an MPEG frame header.
TagLib: MPEG::Header::parse() -- MPEG header did not match MPEG synch.
TagLib: MPEG::Header::parse() -- MPEG header did not match MPEG synch.
writeCommonTags: couldn't write 'year' tag to 'Everlast Little Miss America with lyrics.m4a' as it's not a positive integer
writeCommonTags: couldn't write 'track' tag to 'Everlast Little Miss America with lyrics.m4a' as it's not a positive integer
TagLib: MPEG::Header::parse() -- MPEG header did not match MPEG synch.
TagLib: MPEG::Header::parse() -- MPEG header did not match MPEG synch.
TagLib: MPEG::Header::parse() -- MPEG header did not match MPEG synch.
TagLib: MPEG::Header::parse() -- MPEG header did not match MPEG synch.
TagLib: MPEG::Header::parse() -- MPEG header did not match MPEG synch.
TagLib: MPEG::Header::parse() -- MPEG header did not match MPEG synch.
TagLib: MPEG::Header::parse() -- MPEG header did not match MPEG synch.
TagLib: MPEG::Header::parse() -- data is too short for an MPEG frame header.
TagLib: MPEG::Header::parse() -- MPEG header did not match MPEG synch.
TagLib: MPEG::Header::parse() -- MPEG header did not match MPEG synch.
TagLib: MPEG::Properties::read() -- Could not find an MPEG frame in the stream.
writeCommonTags: couldn't write 'year' tag to 'Najwa - Bella Ciao Official Audio.m4a' as it's not a positive integer
writeCommonTags: couldn't write 'track' tag to 'Najwa - Bella Ciao Official Audio.m4a' as it's not a positive integer
TagLib: MPEG::Header::parse() -- data is too short for an MPEG frame header.
TagLib: MPEG::Header::parse() -- MPEG header did not match MPEG synch.
TagLib: MPEG::Header::parse() -- data is too short for an MPEG frame header.
TagLib: MPEG::Header::parse() -- MPEG header did not match MPEG synch.
writeCommonTags: couldn't write 'year' tag to 'Total - Бьёт По Глазам (cover Rock Privet).m4a' as it's not a positive integer
writeCommonTags: couldn't write 'track' tag to 'Total - Бьёт По Глазам (cover Rock Privet).m4a' as it's not a positive integer
TagLib: MPEG::Header::parse() -- data is too short for an MPEG frame header.
TagLib: MPEG::Header::parse() -- data is too short for an MPEG frame header.
TagLib: MPEG::Header::parse() -- MPEG header did not match MPEG synch.
TagLib: MPEG::Header::parse() -- MPEG header did not match MPEG synch.
TagLib: MPEG::Header::parse() -- MPEG header did not match MPEG synch.
TagLib: MPEG::Header::parse() -- MPEG header did not match MPEG synch.
TagLib: MPEG::Header::parse() -- data is too short for an MPEG frame header.
TagLib: MPEG::Header::parse() -- MPEG header did not match MPEG synch.
TagLib: MPEG::Header::parse() -- MPEG header did not match MPEG synch.
TagLib: MPEG::Header::parse() -- MPEG header did not match MPEG synch.
TagLib: MPEG::Header::parse() -- MPEG header did not match MPEG synch.
TagLib: MPEG::Properties::read() -- Could not find an MPEG frame in the stream.
TagLib: MPEG::Header::parse() -- MPEG header did not match MPEG synch.
TagLib: MPEG::Properties::read() -- Could not find an MPEG frame in the stream.
TagLib: MPEG::Header::parse() -- MPEG header did not match MPEG synch.
TagLib: MPEG::Properties::read() -- Could not find an MPEG frame in the stream.
TagLib: MPEG::Header::parse() -- MPEG header did not match MPEG synch.
TagLib: MPEG::Properties::read() -- Could not find an MPEG frame in the stream.
TagLib: MPEG::Header::parse() -- MPEG header did not match MPEG synch.
TagLib: MPEG::Properties::read() -- Could not find an MPEG frame in the stream.
TagLib: MPEG::Header::parse() -- MPEG header did not match MPEG synch.
TagLib: MPEG::Properties::read() -- Could not find an MPEG frame in the stream.
TagLib: MPEG::Header::parse() -- MPEG header did not match MPEG synch.
TagLib: MPEG::Properties::read() -- Could not find an MPEG frame in the stream.
TagLib: MPEG::Header::parse() -- MPEG header did not match MPEG synch.
TagLib: MPEG::Properties::read() -- Could not find an MPEG frame in the stream.
TagLib: MPEG::Header::parse() -- data is too short for an MPEG frame header.
TagLib: MPEG::Header::parse() -- data is too short for an MPEG frame header.
TagLib: MPEG::Header::parse() -- MPEG header did not match MPEG synch.
TagLib: MPEG::Header::parse() -- MPEG header did not match MPEG synch.
writeCommonTags: couldn't write 'year' tag to 'Everlast Little Miss America with lyrics.m4a' as it's not a positive integer
writeCommonTags: couldn't write 'track' tag to 'Everlast Little Miss America with lyrics.m4a' as it's not a positive integer
TagLib: MPEG::Header::parse() -- MPEG header did not match MPEG synch.
TagLib: MPEG::Header::parse() -- MPEG header did not match MPEG synch.
TagLib: MPEG::Header::parse() -- MPEG header did not match MPEG synch.
TagLib: MPEG::Header::parse() -- MPEG header did not match MPEG synch.
TagLib: MPEG::Header::parse() -- MPEG header did not match MPEG synch.
TagLib: MPEG::Header::parse() -- MPEG header did not match MPEG synch.
TagLib: MPEG::Header::parse() -- MPEG header did not match MPEG synch.
TagLib: MPEG::Header::parse() -- data is too short for an MPEG frame header.
TagLib: MPEG::Header::parse() -- MPEG header did not match MPEG synch.
TagLib: MPEG::Header::parse() -- MPEG header did not match MPEG synch.
TagLib: MPEG::Properties::read() -- Could not find an MPEG frame in the stream.
writeCommonTags: couldn't write 'year' tag to 'Najwa - Bella Ciao Official Audio.m4a' as it's not a positive integer
writeCommonTags: couldn't write 'track' tag to 'Najwa - Bella Ciao Official Audio.m4a' as it's not a positive integer
TagLib: MPEG::Header::parse() -- data is too short for an MPEG frame header.
TagLib: MPEG::Header::parse() -- MPEG header did not match MPEG synch.
TagLib: MPEG::Header::parse() -- data is too short for an MPEG frame header.
TagLib: MPEG::Header::parse() -- MPEG header did not match MPEG synch.
writeCommonTags: couldn't write 'year' tag to 'Total - Бьёт По Глазам (cover Rock Privet).m4a' as it's not a positive integer
writeCommonTags: couldn't write 'track' tag to 'Total - Бьёт По Глазам (cover Rock Privet).m4a' as it's not a positive integer
TagLib: MPEG::Header::parse() -- data is too short for an MPEG frame header.
TagLib: MPEG::Header::parse() -- data is too short for an MPEG frame header.
TagLib: MPEG::Header::parse() -- MPEG header did not match MPEG synch.
TagLib: MPEG::Header::parse() -- MPEG header did not match MPEG synch.
TagLib: MPEG::Header::parse() -- MPEG header did not match MPEG synch.
TagLib: MPEG::Header::parse() -- MPEG header did not match MPEG synch.
TagLib: MPEG::Header::parse() -- data is too short for an MPEG frame header.
TagLib: MPEG::Header::parse() -- MPEG header did not match MPEG synch.
TagLib: MPEG::Header::parse() -- MPEG header did not match MPEG synch.
TagLib: MPEG::Header::parse() -- MPEG header did not match MPEG synch.
TagLib: MPEG::Header::parse() -- MPEG header did not match MPEG synch.
TagLib: MPEG::Properties::read() -- Could not find an MPEG frame in the stream.
TagLib: MPEG::Header::parse() -- MPEG header did not match MPEG synch.
TagLib: MPEG::Properties::read() -- Could not find an MPEG frame in the stream.
TagLib: MPEG::Header::parse() -- MPEG header did not match MPEG synch.
TagLib: MPEG::Properties::read() -- Could not find an MPEG frame in the stream.
TagLib: MPEG::Header::parse() -- MPEG header did not match MPEG synch.
TagLib: MPEG::Properties::read() -- Could not find an MPEG frame in the stream.
TagLib: MPEG::Header::parse() -- MPEG header did not match MPEG synch.
TagLib: MPEG::Properties::read() -- Could not find an MPEG frame in the stream.
TagLib: MPEG::Header::parse() -- MPEG header did not match MPEG synch.
TagLib: MPEG::Properties::read() -- Could not find an MPEG frame in the stream.
TagLib: MPEG::Header::parse() -- MPEG header did not match MPEG synch.
TagLib: MPEG::Properties::read() -- Could not find an MPEG frame in the stream.
TagLib: MPEG::Header::parse() -- MPEG header did not match MPEG synch.
TagLib: MPEG::Properties::read() -- Could not find an MPEG frame in the stream.
TagLib: MPEG::Header::parse() -- data is too short for an MPEG frame header.
TagLib: MPEG::Header::parse() -- data is too short for an MPEG frame header.
TagLib: MPEG::Header::parse() -- MPEG header did not match MPEG synch.
TagLib: MPEG::Header::parse() -- MPEG header did not match MPEG synch.
writeCommonTags: couldn't write 'year' tag to 'Everlast Little Miss America with lyrics.m4a' as it's not a positive integer
writeCommonTags: couldn't write 'track' tag to 'Everlast Little Miss America with lyrics.m4a' as it's not a positive integer
TagLib: MPEG::Header::parse() -- MPEG header did not match MPEG synch.
TagLib: MPEG::Header::parse() -- MPEG header did not match MPEG synch.
TagLib: MPEG::Header::parse() -- MPEG header did not match MPEG synch.
TagLib: MPEG::Header::parse() -- MPEG header did not match MPEG synch.
TagLib: MPEG::Header::parse() -- MPEG header did not match MPEG synch.
TagLib: MPEG::Header::parse() -- MPEG header did not match MPEG synch.
TagLib: MPEG::Header::parse() -- MPEG header did not match MPEG synch.
TagLib: MPEG::Header::parse() -- data is too short for an MPEG frame header.
TagLib: MPEG::Header::parse() -- MPEG header did not match MPEG synch.
TagLib: MPEG::Header::parse() -- MPEG header did not match MPEG synch.
TagLib: MPEG::Properties::read() -- Could not find an MPEG frame in the stream.
writeCommonTags: couldn't write 'year' tag to 'Najwa - Bella Ciao Official Audio.m4a' as it's not a positive integer
writeCommonTags: couldn't write 'track' tag to 'Najwa - Bella Ciao Official Audio.m4a' as it's not a positive integer
TagLib: MPEG::Header::parse() -- data is too short for an MPEG frame header.
TagLib: MPEG::Header::parse() -- MPEG header did not match MPEG synch.
TagLib: MPEG::Header::parse() -- data is too short for an MPEG frame header.
TagLib: MPEG::Header::parse() -- MPEG header did not match MPEG synch.
writeCommonTags: couldn't write 'year' tag to 'Total - Бьёт По Глазам (cover Rock Privet).m4a' as it's not a positive integer
writeCommonTags: couldn't write 'track' tag to 'Total - Бьёт По Глазам (cover Rock Privet).m4a' as it's not a positive integer
TagLib: MPEG::Header::parse() -- data is too short for an MPEG frame header.
TagLib: MPEG::Header::parse() -- data is too short for an MPEG frame header.
TagLib: MPEG::Header::parse() -- MPEG header did not match MPEG synch.
TagLib: MPEG::Header::parse() -- MPEG header did not match MPEG synch.
TagLib: MPEG::Header::parse() -- MPEG header did not match MPEG synch.
TagLib: MPEG::Header::parse() -- MPEG header did not match MPEG synch.
TagLib: MPEG::Header::parse() -- data is too short for an MPEG frame header.
TagLib: MPEG::Header::parse() -- MPEG header did not match MPEG synch.
TagLib: MPEG::Header::parse() -- MPEG header did not match MPEG synch.
TagLib: MPEG::Header::parse() -- MPEG header did not match MPEG synch.
TagLib: MPEG::Header::parse() -- MPEG header did not match MPEG synch.
TagLib: MPEG::Properties::read() -- Could not find an MPEG frame in the stream.
TagLib: MPEG::Header::parse() -- MPEG header did not match MPEG synch.
TagLib: MPEG::Properties::read() -- Could not find an MPEG frame in the stream.
TagLib: MPEG::Header::parse() -- MPEG header did not match MPEG synch.
TagLib: MPEG::Properties::read() -- Could not find an MPEG frame in the stream.
TagLib: MPEG::Header::parse() -- MPEG header did not match MPEG synch.
TagLib: MPEG::Properties::read() -- Could not find an MPEG frame in the stream.
TagLib: MPEG::Header::parse() -- MPEG header did not match MPEG synch.
TagLib: MPEG::Properties::read() -- Could not find an MPEG frame in the stream.
TagLib: MPEG::Header::parse() -- MPEG header did not match MPEG synch.
TagLib: MPEG::Properties::read() -- Could not find an MPEG frame in the stream.
TagLib: MPEG::Header::parse() -- MPEG header did not match MPEG synch.
TagLib: MPEG::Properties::read() -- Could not find an MPEG frame in the stream.
TagLib: MPEG::Header::parse() -- MPEG header did not match MPEG synch.
TagLib: MPEG::Properties::read() -- Could not find an MPEG frame in the stream.
TagLib: MPEG::Header::parse() -- data is too short for an MPEG frame header.
TagLib: MPEG::Header::parse() -- data is too short for an MPEG frame header.
TagLib: MPEG::Header::parse() -- MPEG header did not match MPEG synch.
TagLib: MPEG::Header::parse() -- MPEG header did not match MPEG synch.
writeCommonTags: couldn't write 'year' tag to 'Everlast Little Miss America with lyrics.m4a' as it's not a positive integer
writeCommonTags: couldn't write 'track' tag to 'Everlast Little Miss America with lyrics.m4a' as it's not a positive integer
TagLib: MPEG::Header::parse() -- MPEG header did not match MPEG synch.
TagLib: MPEG::Header::parse() -- MPEG header did not match MPEG synch.
TagLib: MPEG::Header::parse() -- MPEG header did not match MPEG synch.
TagLib: MPEG::Header::parse() -- MPEG header did not match MPEG synch.
TagLib: MPEG::Header::parse() -- MPEG header did not match MPEG synch.
TagLib: MPEG::Header::parse() -- MPEG header did not match MPEG synch.
TagLib: MPEG::Header::parse() -- MPEG header did not match MPEG synch.
TagLib: MPEG::Header::parse() -- data is too short for an MPEG frame header.
TagLib: MPEG::Header::parse() -- MPEG header did not match MPEG synch.
TagLib: MPEG::Header::parse() -- MPEG header did not match MPEG synch.
TagLib: MPEG::Properties::read() -- Could not find an MPEG frame in the stream.
writeCommonTags: couldn't write 'year' tag to 'Najwa - Bella Ciao Official Audio.m4a' as it's not a positive integer
writeCommonTags: couldn't write 'track' tag to 'Najwa - Bella Ciao Official Audio.m4a' as it's not a positive integer
TagLib: MPEG::Header::parse() -- data is too short for an MPEG frame header.
TagLib: MPEG::Header::parse() -- MPEG header did not match MPEG synch.
TagLib: MPEG::Header::parse() -- data is too short for an MPEG frame header.
TagLib: MPEG::Header::parse() -- MPEG header did not match MPEG synch.
writeCommonTags: couldn't write 'year' tag to 'Total - Бьёт По Глазам (cover Rock Privet).m4a' as it's not a positive integer
writeCommonTags: couldn't write 'track' tag to 'Total - Бьёт По Глазам (cover Rock Privet).m4a' as it's not a positive integer
TagLib: MPEG::Header::parse() -- data is too short for an MPEG frame header.
TagLib: MPEG::Header::parse() -- data is too short for an MPEG frame header.
TagLib: MPEG::Header::parse() -- MPEG header did not match MPEG synch.
TagLib: MPEG::Header::parse() -- MPEG header did not match MPEG synch.
TagLib: MPEG::Header::parse() -- MPEG header did not match MPEG synch.
TagLib: MPEG::Header::parse() -- MPEG header did not match MPEG synch.
TagLib: MPEG::Header::parse() -- data is too short for an MPEG frame header.
TagLib: MPEG::Header::parse() -- MPEG header did not match MPEG synch.
TagLib: MPEG::Header::parse() -- MPEG header did not match MPEG synch.
TagLib: MPEG::Header::parse() -- MPEG header did not match MPEG synch.
TagLib: MPEG::Header::parse() -- MPEG header did not match MPEG synch.
TagLib: MPEG::Properties::read() -- Could not find an MPEG frame in the stream.
TagLib: MPEG::Header::parse() -- MPEG header did not match MPEG synch.
TagLib: MPEG::Properties::read() -- Could not find an MPEG frame in the stream.
TagLib: MPEG::Header::parse() -- MPEG header did not match MPEG synch.
TagLib: MPEG::Properties::read() -- Could not find an MPEG frame in the stream.
TagLib: MPEG::Header::parse() -- MPEG header did not match MPEG synch.
TagLib: MPEG::Properties::read() -- Could not find an MPEG frame in the stream.
TagLib: MPEG::Header::parse() -- MPEG header did not match MPEG synch.
TagLib: MPEG::Properties::read() -- Could not find an MPEG frame in the stream.
TagLib: MPEG::Header::parse() -- MPEG header did not match MPEG synch.
TagLib: MPEG::Properties::read() -- Could not find an MPEG frame in the stream.
TagLib: MPEG::Header::parse() -- MPEG header did not match MPEG synch.
TagLib: MPEG::Properties::read() -- Could not find an MPEG frame in the stream.
TagLib: MPEG::Header::parse() -- MPEG header did not match MPEG synch.
TagLib: MPEG::Properties::read() -- Could not find an MPEG frame in the stream.
TagLib: MPEG::Header::parse() -- data is too short for an MPEG frame header.
TagLib: MPEG::Header::parse() -- data is too short for an MPEG frame header.
TagLib: MPEG::Header::parse() -- MPEG header did not match MPEG synch.
TagLib: MPEG::Header::parse() -- MPEG header did not match MPEG synch.
writeCommonTags: couldn't write 'year' tag to 'Everlast Little Miss America with lyrics.m4a' as it's not a positive integer
writeCommonTags: couldn't write 'track' tag to 'Everlast Little Miss America with lyrics.m4a' as it's not a positive integer
TagLib: MPEG::Header::parse() -- MPEG header did not match MPEG synch.
TagLib: MPEG::Header::parse() -- MPEG header did not match MPEG synch.
TagLib: MPEG::Header::parse() -- MPEG header did not match MPEG synch.
TagLib: MPEG::Header::parse() -- MPEG header did not match MPEG synch.
TagLib: MPEG::Header::parse() -- MPEG header did not match MPEG synch.
TagLib: MPEG::Header::parse() -- MPEG header did not match MPEG synch.
TagLib: MPEG::Header::parse() -- MPEG header did not match MPEG synch.
TagLib: MPEG::Header::parse() -- data is too short for an MPEG frame header.
TagLib: MPEG::Header::parse() -- MPEG header did not match MPEG synch.
TagLib: MPEG::Header::parse() -- MPEG header did not match MPEG synch.
TagLib: MPEG::Properties::read() -- Could not find an MPEG frame in the stream.
writeCommonTags: couldn't write 'year' tag to 'Najwa - Bella Ciao Official Audio.m4a' as it's not a positive integer
writeCommonTags: couldn't write 'track' tag to 'Najwa - Bella Ciao Official Audio.m4a' as it's not a positive integer
TagLib: MPEG::Header::parse() -- data is too short for an MPEG frame header.
TagLib: MPEG::Header::parse() -- MPEG header did not match MPEG synch.
TagLib: MPEG::Header::parse() -- data is too short for an MPEG frame header.
TagLib: MPEG::Header::parse() -- MPEG header did not match MPEG synch.
writeCommonTags: couldn't write 'year' tag to 'Total - Бьёт По Глазам (cover Rock Privet).m4a' as it's not a positive integer
writeCommonTags: couldn't write 'track' tag to 'Total - Бьёт По Глазам (cover Rock Privet).m4a' as it's not a positive integer
TagLib: MPEG::Header::parse() -- data is too short for an MPEG frame header.
TagLib: MPEG::Header::parse() -- data is too short for an MPEG frame header.
TagLib: MPEG::Header::parse() -- MPEG header did not match MPEG synch.
TagLib: MPEG::Header::parse() -- MPEG header did not match MPEG synch.
TagLib: MPEG::Header::parse() -- MPEG header did not match MPEG synch.
TagLib: MPEG::Header::parse() -- MPEG header did not match MPEG synch.
TagLib: MPEG::Header::parse() -- data is too short for an MPEG frame header.
TagLib: MPEG::Header::parse() -- MPEG header did not match MPEG synch.
TagLib: MPEG::Header::parse() -- MPEG header did not match MPEG synch.
TagLib: MPEG::Header::parse() -- MPEG header did not match MPEG synch.
TagLib: MPEG::Header::parse() -- MPEG header did not match MPEG synch.
TagLib: MPEG::Properties::read() -- Could not find an MPEG frame in the stream.
TagLib: MPEG::Header::parse() -- MPEG header did not match MPEG synch.
TagLib: MPEG::Properties::read() -- Could not find an MPEG frame in the stream.
TagLib: MPEG::Header::parse() -- MPEG header did not match MPEG synch.
TagLib: MPEG::Properties::read() -- Could not find an MPEG frame in the stream.
TagLib: MPEG::Header::parse() -- MPEG header did not match MPEG synch.
TagLib: MPEG::Properties::read() -- Could not find an MPEG frame in the stream.
TagLib: MPEG::Header::parse() -- MPEG header did not match MPEG synch.
TagLib: MPEG::Properties::read() -- Could not find an MPEG frame in the stream.
TagLib: MPEG::Header::parse() -- MPEG header did not match MPEG synch.
TagLib: MPEG::Properties::read() -- Could not find an MPEG frame in the stream.
TagLib: MPEG::Header::parse() -- MPEG header did not match MPEG synch.
TagLib: MPEG::Properties::read() -- Could not find an MPEG frame in the stream.
TagLib: MPEG::Header::parse() -- MPEG header did not match MPEG synch.
TagLib: MPEG::Properties::read() -- Could not find an MPEG frame in the stream.
